This file contains any messages produced by compilers while
running configure, to aid debugging if configure makes a mistake.

It was created by libutils configure 1, which was
generated by GNU Autoconf 2.69.  Invocation command line was

  $ ./configure --prefix=/home/koehenri

## --------- ##
## Platform. ##
## --------- ##

hostname = dx4-flkl-07
uname -m = x86_64
uname -r = 3.13.0-45-generic
uname -s = Linux
uname -v = #74-Ubuntu SMP Tue Jan 13 19:36:28 UTC 2015

/usr/bin/uname -p = unknown
/bin/uname -X     = unknown

/bin/arch              = unknown
/usr/bin/arch -k       = unknown
/usr/convex/getsysinfo = unknown
/usr/bin/hostinfo      = unknown
/bin/machine           = unknown
/usr/bin/oslevel       = unknown
/bin/universe          = unknown

PATH: /home/koehenri/go/bin
PATH: /home/koehenri/gpaw/build/bin.linux-x86_64-2.7
PATH: /home/koehenri/gpaw/tools
PATH: /home/koehenri/ase/tools
PATH: .
PATH: /home/koehenri/bin
PATH: /home/koehenri/bin
PATH: /usr/local/sbin
PATH: /usr/local/bin
PATH: /usr/sbin
PATH: /usr/bin
PATH: /sbin
PATH: /bin
PATH: /usr/games
PATH: /usr/local/games
PATH: /home/koehenri/FullProf_Suite


## ----------- ##
## Core tests. ##
## ----------- ##

configure:2354: checking for a BSD-compatible install
configure:2422: result: /usr/bin/install -c
configure:2433: checking whether build environment is sane
configure:2488: result: yes
configure:2639: checking for a thread-safe mkdir -p
configure:2678: result: /bin/mkdir -p
configure:2685: checking for gawk
configure:2701: found /usr/bin/gawk
configure:2712: result: gawk
configure:2723: checking whether make sets $(MAKE)
configure:2745: result: yes
configure:2774: checking whether make supports nested variables
configure:2791: result: yes
configure:2976: checking for g++
configure:2992: found /usr/bin/g++
configure:3003: result: g++
configure:3030: checking for C++ compiler version
configure:3039: g++ --version >&5
g++ (Ubuntu 4.8.2-19ubuntu1) 4.8.2
Copyright (C) 2013 Free Software Foundation, Inc.
This is free software; see the source for copying conditions.  There is NO
warranty; not even for MERCHANTABILITY or FITNESS FOR A PARTICULAR PURPOSE.

configure:3050: $? = 0
configure:3039: g++ -v >&5
Using built-in specs.
COLLECT_GCC=g++
COLLECT_LTO_WRAPPER=/usr/lib/gcc/x86_64-linux-gnu/4.8/lto-wrapper
Target: x86_64-linux-gnu
Configured with: ../src/configure -v --with-pkgversion='Ubuntu 4.8.2-19ubuntu1' --with-bugurl=file:///usr/share/doc/gcc-4.8/README.Bugs --enable-languages=c,c++,java,go,d,fortran,objc,obj-c++ --prefix=/usr --program-suffix=-4.8 --enable-shared --enable-linker-build-id --libexecdir=/usr/lib --without-included-gettext --enable-threads=posix --with-gxx-include-dir=/usr/include/c++/4.8 --libdir=/usr/lib --enable-nls --with-sysroot=/ --enable-clocale=gnu --enable-libstdcxx-debug --enable-libstdcxx-time=yes --enable-gnu-unique-object --disable-libmudflap --enable-plugin --with-system-zlib --disable-browser-plugin --enable-java-awt=gtk --enable-gtk-cairo --with-java-home=/usr/lib/jvm/java-1.5.0-gcj-4.8-amd64/jre --enable-java-home --with-jvm-root-dir=/usr/lib/jvm/java-1.5.0-gcj-4.8-amd64 --with-jvm-jar-dir=/usr/lib/jvm-exports/java-1.5.0-gcj-4.8-amd64 --with-arch-directory=amd64 --with-ecj-jar=/usr/share/java/eclipse-ecj.jar --enable-objc-gc --enable-multiarch --disable-werror --with-arch-32=i686 --with-abi=m64 --with-multilib-list=m32,m64,mx32 --with-tune=generic --enable-checking=release --build=x86_64-linux-gnu --host=x86_64-linux-gnu --target=x86_64-linux-gnu
Thread model: posix
gcc version 4.8.2 (Ubuntu 4.8.2-19ubuntu1) 
configure:3050: $? = 0
configure:3039: g++ -V >&5
g++: error: unrecognized command line option '-V'
g++: fatal error: no input files
compilation terminated.
configure:3050: $? = 4
configure:3039: g++ -qversion >&5
g++: error: unrecognized command line option '-qversion'
g++: fatal error: no input files
compilation terminated.
configure:3050: $? = 4
configure:3070: checking whether the C++ compiler works
configure:3092: g++    conftest.cpp  >&5
configure:3096: $? = 0
configure:3144: result: yes
configure:3147: checking for C++ compiler default output file name
configure:3149: result: a.out
configure:3155: checking for suffix of executables
configure:3162: g++ -o conftest    conftest.cpp  >&5
configure:3166: $? = 0
configure:3188: result: 
configure:3210: checking whether we are cross compiling
configure:3218: g++ -o conftest    conftest.cpp  >&5
configure:3222: $? = 0
configure:3229: ./conftest
configure:3233: $? = 0
configure:3248: result: no
configure:3253: checking for suffix of object files
configure:3275: g++ -c   conftest.cpp >&5
configure:3279: $? = 0
configure:3300: result: o
configure:3304: checking whether we are using the GNU C++ compiler
configure:3323: g++ -c   conftest.cpp >&5
configure:3323: $? = 0
configure:3332: result: yes
configure:3341: checking whether g++ accepts -g
configure:3361: g++ -c -g  conftest.cpp >&5
configure:3361: $? = 0
configure:3402: result: yes
configure:3436: checking for style of include used by make
configure:3464: result: GNU
configure:3490: checking dependency style of g++
configure:3601: result: gcc3
configure:3664: checking for gcc
configure:3680: found /usr/bin/gcc
configure:3691: result: gcc
configure:3920: checking for C compiler version
configure:3929: gcc --version >&5
gcc (Ubuntu 4.8.2-19ubuntu1) 4.8.2
Copyright (C) 2013 Free Software Foundation, Inc.
This is free software; see the source for copying conditions.  There is NO
warranty; not even for MERCHANTABILITY or FITNESS FOR A PARTICULAR PURPOSE.

configure:3940: $? = 0
configure:3929: gcc -v >&5
Using built-in specs.
COLLECT_GCC=gcc
COLLECT_LTO_WRAPPER=/usr/lib/gcc/x86_64-linux-gnu/4.8/lto-wrapper
Target: x86_64-linux-gnu
Configured with: ../src/configure -v --with-pkgversion='Ubuntu 4.8.2-19ubuntu1' --with-bugurl=file:///usr/share/doc/gcc-4.8/README.Bugs --enable-languages=c,c++,java,go,d,fortran,objc,obj-c++ --prefix=/usr --program-suffix=-4.8 --enable-shared --enable-linker-build-id --libexecdir=/usr/lib --without-included-gettext --enable-threads=posix --with-gxx-include-dir=/usr/include/c++/4.8 --libdir=/usr/lib --enable-nls --with-sysroot=/ --enable-clocale=gnu --enable-libstdcxx-debug --enable-libstdcxx-time=yes --enable-gnu-unique-object --disable-libmudflap --enable-plugin --with-system-zlib --disable-browser-plugin --enable-java-awt=gtk --enable-gtk-cairo --with-java-home=/usr/lib/jvm/java-1.5.0-gcj-4.8-amd64/jre --enable-java-home --with-jvm-root-dir=/usr/lib/jvm/java-1.5.0-gcj-4.8-amd64 --with-jvm-jar-dir=/usr/lib/jvm-exports/java-1.5.0-gcj-4.8-amd64 --with-arch-directory=amd64 --with-ecj-jar=/usr/share/java/eclipse-ecj.jar --enable-objc-gc --enable-multiarch --disable-werror --with-arch-32=i686 --with-abi=m64 --with-multilib-list=m32,m64,mx32 --with-tune=generic --enable-checking=release --build=x86_64-linux-gnu --host=x86_64-linux-gnu --target=x86_64-linux-gnu
Thread model: posix
gcc version 4.8.2 (Ubuntu 4.8.2-19ubuntu1) 
configure:3940: $? = 0
configure:3929: gcc -V >&5
gcc: error: unrecognized command line option '-V'
gcc: fatal error: no input files
compilation terminated.
configure:3940: $? = 4
configure:3929: gcc -qversion >&5
gcc: error: unrecognized command line option '-qversion'
gcc: fatal error: no input files
compilation terminated.
configure:3940: $? = 4
configure:3944: checking whether we are using the GNU C compiler
configure:3963: gcc -c   conftest.c >&5
configure:3963: $? = 0
configure:3972: result: yes
configure:3981: checking whether gcc accepts -g
configure:4001: gcc -c -g  conftest.c >&5
configure:4001: $? = 0
configure:4042: result: yes
configure:4059: checking for gcc option to accept ISO C89
configure:4122: gcc  -c -g -O2  conftest.c >&5
configure:4122: $? = 0
configure:4135: result: none needed
configure:4160: checking whether gcc understands -c and -o together
configure:4182: gcc -c conftest.c -o conftest2.o
configure:4185: $? = 0
configure:4182: gcc -c conftest.c -o conftest2.o
configure:4185: $? = 0
configure:4197: result: yes
configure:4216: checking dependency style of gcc
configure:4327: result: gcc3
configure:4394: checking for ar
configure:4410: found /usr/bin/ar
configure:4421: result: ar
configure:4447: checking the archiver (ar) interface
configure:4463: gcc -c -g -O2  conftest.c >&5
configure:4463: $? = 0
configure:4465: ar cru libconftest.a conftest.o >&5
configure:4468: $? = 0
configure:4496: result: ar
configure:4545: checking build system type
configure:4559: result: x86_64-unknown-linux-gnu
configure:4579: checking host system type
configure:4592: result: x86_64-unknown-linux-gnu
configure:4633: checking how to print strings
configure:4660: result: printf
configure:4681: checking for a sed that does not truncate output
configure:4745: result: /bin/sed
configure:4763: checking for grep that handles long lines and -e
configure:4821: result: /bin/grep
configure:4826: checking for egrep
configure:4888: result: /bin/grep -E
configure:4893: checking for fgrep
configure:4955: result: /bin/grep -F
configure:4990: checking for ld used by gcc
configure:5057: result: /usr/bin/ld
configure:5064: checking if the linker (/usr/bin/ld) is GNU ld
configure:5079: result: yes
configure:5091: checking for BSD- or MS-compatible name lister (nm)
configure:5140: result: /usr/bin/nm -B
configure:5270: checking the name lister (/usr/bin/nm -B) interface
configure:5277: gcc -c -g -O2  conftest.c >&5
configure:5280: /usr/bin/nm -B "conftest.o"
configure:5283: output
0000000000000000 B some_variable
configure:5290: result: BSD nm
configure:5293: checking whether ln -s works
configure:5297: result: yes
configure:5305: checking the maximum length of command line arguments
configure:5436: result: 1572864
configure:5453: checking whether the shell understands some XSI constructs
configure:5463: result: yes
configure:5467: checking whether the shell understands "+="
configure:5473: result: yes
configure:5508: checking how to convert x86_64-unknown-linux-gnu file names to x86_64-unknown-linux-gnu format
configure:5548: result: func_convert_file_noop
configure:5555: checking how to convert x86_64-unknown-linux-gnu file names to toolchain format
configure:5575: result: func_convert_file_noop
configure:5582: checking for /usr/bin/ld option to reload object files
configure:5589: result: -r
configure:5663: checking for objdump
configure:5679: found /usr/bin/objdump
configure:5690: result: objdump
configure:5722: checking how to recognize dependent libraries
configure:5920: result: pass_all
configure:6005: checking for dlltool
configure:6035: result: no
configure:6065: checking how to associate runtime and link libraries
configure:6092: result: printf %s\n
configure:6216: checking for archiver @FILE support
configure:6233: gcc -c -g -O2  conftest.c >&5
configure:6233: $? = 0
configure:6236: ar cru libconftest.a @conftest.lst >&5
configure:6239: $? = 0
configure:6244: ar cru libconftest.a @conftest.lst >&5
ar: conftest.o: No such file or directory
configure:6247: $? = 1
configure:6259: result: @
configure:6317: checking for strip
configure:6333: found /usr/bin/strip
configure:6344: result: strip
configure:6416: checking for ranlib
configure:6432: found /usr/bin/ranlib
configure:6443: result: ranlib
configure:6545: checking command to parse /usr/bin/nm -B output from gcc object
configure:6665: gcc -c -g -O2  conftest.c >&5
configure:6668: $? = 0
configure:6672: /usr/bin/nm -B conftest.o \| sed -n -e 's/^.*[ ]\([ABCDGIRSTW][ABCDGIRSTW]*\)[ ][ ]*\([_A-Za-z][_A-Za-z0-9]*\)$/\1 \2 \2/p' | sed '/ __gnu_lto/d' \> conftest.nm
configure:6675: $? = 0
configure:6741: gcc -o conftest -g -O2   conftest.c conftstm.o >&5
configure:6744: $? = 0
configure:6782: result: ok
configure:6819: checking for sysroot
configure:6849: result: no
configure:6926: gcc -c -g -O2  conftest.c >&5
configure:6929: $? = 0
configure:7118: checking for mt
configure:7134: found /bin/mt
configure:7145: result: mt
configure:7168: checking if mt is a manifest tool
configure:7174: mt '-?'
configure:7182: result: no
configure:7824: checking how to run the C preprocessor
configure:7855: gcc -E  conftest.c
configure:7855: $? = 0
configure:7869: gcc -E  conftest.c
conftest.c:11:28: fatal error: ac_nonexistent.h: No such file or directory
 #include <ac_nonexistent.h>
                            ^
compilation terminated.
configure:7869: $? = 1
configure: failed program was:
| /* confdefs.h */
| #define PACKAGE_NAME "libutils"
| #define PACKAGE_TARNAME "libutils"
| #define PACKAGE_VERSION "1"
| #define PACKAGE_STRING "libutils 1"
| #define PACKAGE_BUGREPORT "krister.henriksson@helsinki.fi"
| #define PACKAGE_URL ""
| #define PACKAGE "libutils"
| #define VERSION "1"
| /* end confdefs.h.  */
| #include <ac_nonexistent.h>
configure:7894: result: gcc -E
configure:7914: gcc -E  conftest.c
configure:7914: $? = 0
configure:7928: gcc -E  conftest.c
conftest.c:11:28: fatal error: ac_nonexistent.h: No such file or directory
 #include <ac_nonexistent.h>
                            ^
compilation terminated.
configure:7928: $? = 1
configure: failed program was:
| /* confdefs.h */
| #define PACKAGE_NAME "libutils"
| #define PACKAGE_TARNAME "libutils"
| #define PACKAGE_VERSION "1"
| #define PACKAGE_STRING "libutils 1"
| #define PACKAGE_BUGREPORT "krister.henriksson@helsinki.fi"
| #define PACKAGE_URL ""
| #define PACKAGE "libutils"
| #define VERSION "1"
| /* end confdefs.h.  */
| #include <ac_nonexistent.h>
configure:7957: checking for ANSI C header files
configure:7977: gcc -c -g -O2  conftest.c >&5
configure:7977: $? = 0
configure:8050: gcc -o conftest -g -O2   conftest.c  >&5
configure:8050: $? = 0
configure:8050: ./conftest
configure:8050: $? = 0
configure:8061: result: yes
configure:8074: checking for sys/types.h
configure:8074: gcc -c -g -O2  conftest.c >&5
configure:8074: $? = 0
configure:8074: result: yes
configure:8074: checking for sys/stat.h
configure:8074: gcc -c -g -O2  conftest.c >&5
configure:8074: $? = 0
configure:8074: result: yes
configure:8074: checking for stdlib.h
configure:8074: gcc -c -g -O2  conftest.c >&5
configure:8074: $? = 0
configure:8074: result: yes
configure:8074: checking for string.h
configure:8074: gcc -c -g -O2  conftest.c >&5
configure:8074: $? = 0
configure:8074: result: yes
configure:8074: checking for memory.h
configure:8074: gcc -c -g -O2  conftest.c >&5
configure:8074: $? = 0
configure:8074: result: yes
configure:8074: checking for strings.h
configure:8074: gcc -c -g -O2  conftest.c >&5
configure:8074: $? = 0
configure:8074: result: yes
configure:8074: checking for inttypes.h
configure:8074: gcc -c -g -O2  conftest.c >&5
configure:8074: $? = 0
configure:8074: result: yes
configure:8074: checking for stdint.h
configure:8074: gcc -c -g -O2  conftest.c >&5
configure:8074: $? = 0
configure:8074: result: yes
configure:8074: checking for unistd.h
configure:8074: gcc -c -g -O2  conftest.c >&5
configure:8074: $? = 0
configure:8074: result: yes
configure:8088: checking for dlfcn.h
configure:8088: gcc -c -g -O2  conftest.c >&5
configure:8088: $? = 0
configure:8088: result: yes
configure:8305: checking for objdir
configure:8320: result: .libs
configure:8591: checking if gcc supports -fno-rtti -fno-exceptions
configure:8609: gcc -c -g -O2  -fno-rtti -fno-exceptions conftest.c >&5
cc1: warning: command line option '-fno-rtti' is valid for C++/ObjC++ but not for C [enabled by default]
configure:8613: $? = 0
configure:8626: result: no
configure:8953: checking for gcc option to produce PIC
configure:8960: result: -fPIC -DPIC
configure:8968: checking if gcc PIC flag -fPIC -DPIC works
configure:8986: gcc -c -g -O2  -fPIC -DPIC -DPIC conftest.c >&5
configure:8990: $? = 0
configure:9003: result: yes
configure:9032: checking if gcc static flag -static works
configure:9060: result: yes
configure:9075: checking if gcc supports -c -o file.o
configure:9096: gcc -c -g -O2  -o out/conftest2.o conftest.c >&5
configure:9100: $? = 0
configure:9122: result: yes
configure:9130: checking if gcc supports -c -o file.o
configure:9177: result: yes
configure:9210: checking whether the gcc linker (/usr/bin/ld -m elf_x86_64) supports shared libraries
configure:10367: result: yes
configure:10404: checking whether -lc should be explicitly linked in
configure:10412: gcc -c -g -O2  conftest.c >&5
configure:10415: $? = 0
configure:10430: gcc -shared  -fPIC -DPIC conftest.o  -v -Wl,-soname -Wl,conftest -o conftest 2\>\&1 \| /bin/grep  -lc  \>/dev/null 2\>\&1
configure:10433: $? = 0
configure:10447: result: no
configure:10607: checking dynamic linker characteristics
configure:11107: gcc -o conftest -g -O2   -Wl,-rpath -Wl,/foo conftest.c  >&5
configure:11107: $? = 0
configure:11341: result: GNU/Linux ld.so
configure:11448: checking how to hardcode library paths into programs
configure:11473: result: immediate
configure:12013: checking whether stripping libraries is possible
configure:12018: result: yes
configure:12053: checking if libtool supports shared libraries
configure:12055: result: yes
configure:12058: checking whether to build shared libraries
configure:12079: result: yes
configure:12082: checking whether to build static libraries
configure:12086: result: yes
configure:12109: checking how to run the C++ preprocessor
configure:12136: g++ -E  conftest.cpp
configure:12136: $? = 0
configure:12150: g++ -E  conftest.cpp
conftest.cpp:23:28: fatal error: ac_nonexistent.h: No such file or directory
 #include <ac_nonexistent.h>
                            ^
compilation terminated.
configure:12150: $? = 1
configure: failed program was:
| /* confdefs.h */
| #define PACKAGE_NAME "libutils"
| #define PACKAGE_TARNAME "libutils"
| #define PACKAGE_VERSION "1"
| #define PACKAGE_STRING "libutils 1"
| #define PACKAGE_BUGREPORT "krister.henriksson@helsinki.fi"
| #define PACKAGE_URL ""
| #define PACKAGE "libutils"
| #define VERSION "1"
| #define STDC_HEADERS 1
| #define HAVE_SYS_TYPES_H 1
| #define HAVE_SYS_STAT_H 1
| #define HAVE_STDLIB_H 1
| #define HAVE_STRING_H 1
| #define HAVE_MEMORY_H 1
| #define HAVE_STRINGS_H 1
| #define HAVE_INTTYPES_H 1
| #define HAVE_STDINT_H 1
| #define HAVE_UNISTD_H 1
| #define HAVE_DLFCN_H 1
| #define LT_OBJDIR ".libs/"
| /* end confdefs.h.  */
| #include <ac_nonexistent.h>
configure:12175: result: g++ -E
configure:12195: g++ -E  conftest.cpp
configure:12195: $? = 0
configure:12209: g++ -E  conftest.cpp
conftest.cpp:23:28: fatal error: ac_nonexistent.h: No such file or directory
 #include <ac_nonexistent.h>
                            ^
compilation terminated.
configure:12209: $? = 1
configure: failed program was:
| /* confdefs.h */
| #define PACKAGE_NAME "libutils"
| #define PACKAGE_TARNAME "libutils"
| #define PACKAGE_VERSION "1"
| #define PACKAGE_STRING "libutils 1"
| #define PACKAGE_BUGREPORT "krister.henriksson@helsinki.fi"
| #define PACKAGE_URL ""
| #define PACKAGE "libutils"
| #define VERSION "1"
| #define STDC_HEADERS 1
| #define HAVE_SYS_TYPES_H 1
| #define HAVE_SYS_STAT_H 1
| #define HAVE_STDLIB_H 1
| #define HAVE_STRING_H 1
| #define HAVE_MEMORY_H 1
| #define HAVE_STRINGS_H 1
| #define HAVE_INTTYPES_H 1
| #define HAVE_STDINT_H 1
| #define HAVE_UNISTD_H 1
| #define HAVE_DLFCN_H 1
| #define LT_OBJDIR ".libs/"
| /* end confdefs.h.  */
| #include <ac_nonexistent.h>
configure:12378: checking for ld used by g++
configure:12445: result: /usr/bin/ld -m elf_x86_64
configure:12452: checking if the linker (/usr/bin/ld -m elf_x86_64) is GNU ld
configure:12467: result: yes
configure:12522: checking whether the g++ linker (/usr/bin/ld -m elf_x86_64) supports shared libraries
configure:13524: result: yes
configure:13560: g++ -c -g -O2  conftest.cpp >&5
configure:13563: $? = 0
configure:14083: checking for g++ option to produce PIC
configure:14090: result: -fPIC -DPIC
configure:14098: checking if g++ PIC flag -fPIC -DPIC works
configure:14116: g++ -c -g -O2  -fPIC -DPIC -DPIC conftest.cpp >&5
configure:14120: $? = 0
configure:14133: result: yes
configure:14156: checking if g++ static flag -static works
configure:14184: result: yes
configure:14196: checking if g++ supports -c -o file.o
configure:14217: g++ -c -g -O2  -o out/conftest2.o conftest.cpp >&5
configure:14221: $? = 0
configure:14243: result: yes
configure:14248: checking if g++ supports -c -o file.o
configure:14295: result: yes
configure:14325: checking whether the g++ linker (/usr/bin/ld -m elf_x86_64) supports shared libraries
configure:14364: result: yes
configure:14505: checking dynamic linker characteristics
configure:15173: result: GNU/Linux ld.so
configure:15226: checking how to hardcode library paths into programs
configure:15251: result: immediate
configure:15317: checking for sqrt in -lm
configure:15342: gcc -o conftest -g -O2   conftest.c -lm   >&5
conftest.c:30:6: warning: conflicting types for built-in function 'sqrt' [enabled by default]
 char sqrt ();
      ^
configure:15342: $? = 0
configure:15351: result: yes
configure:15363: checking for clock_gettime in -lrt
configure:15388: gcc -o conftest -g -O2   conftest.c -lrt  -lm  >&5
configure:15388: $? = 0
configure:15397: result: yes
configure:15412: checking for stdbool.h that conforms to C99
configure:15479: gcc -c -g -O2  conftest.c >&5
configure:15479: $? = 0
configure:15486: result: yes
configure:15488: checking for _Bool
configure:15488: gcc -c -g -O2  conftest.c >&5
configure:15488: $? = 0
configure:15488: gcc -c -g -O2  conftest.c >&5
conftest.c: In function 'main':
conftest.c:61:20: error: expected expression before ')' token
 if (sizeof ((_Bool)))
                    ^
configure:15488: $? = 1
configure: failed program was:
| /* confdefs.h */
| #define PACKAGE_NAME "libutils"
| #define PACKAGE_TARNAME "libutils"
| #define PACKAGE_VERSION "1"
| #define PACKAGE_STRING "libutils 1"
| #define PACKAGE_BUGREPORT "krister.henriksson@helsinki.fi"
| #define PACKAGE_URL ""
| #define PACKAGE "libutils"
| #define VERSION "1"
| #define STDC_HEADERS 1
| #define HAVE_SYS_TYPES_H 1
| #define HAVE_SYS_STAT_H 1
| #define HAVE_STDLIB_H 1
| #define HAVE_STRING_H 1
| #define HAVE_MEMORY_H 1
| #define HAVE_STRINGS_H 1
| #define HAVE_INTTYPES_H 1
| #define HAVE_STDINT_H 1
| #define HAVE_UNISTD_H 1
| #define HAVE_DLFCN_H 1
| #define LT_OBJDIR ".libs/"
| #define HAVE_LIBM 1
| #define HAVE_LIBRT 1
| /* end confdefs.h.  */
| #include <stdio.h>
| #ifdef HAVE_SYS_TYPES_H
| # include <sys/types.h>
| #endif
| #ifdef HAVE_SYS_STAT_H
| # include <sys/stat.h>
| #endif
| #ifdef STDC_HEADERS
| # include <stdlib.h>
| # include <stddef.h>
| #else
| # ifdef HAVE_STDLIB_H
| #  include <stdlib.h>
| # endif
| #endif
| #ifdef HAVE_STRING_H
| # if !defined STDC_HEADERS && defined HAVE_MEMORY_H
| #  include <memory.h>
| # endif
| # include <string.h>
| #endif
| #ifdef HAVE_STRINGS_H
| # include <strings.h>
| #endif
| #ifdef HAVE_INTTYPES_H
| # include <inttypes.h>
| #endif
| #ifdef HAVE_STDINT_H
| # include <stdint.h>
| #endif
| #ifdef HAVE_UNISTD_H
| # include <unistd.h>
| #endif
| int
| main ()
| {
| if (sizeof ((_Bool)))
| 	    return 0;
|   ;
|   return 0;
| }
configure:15488: result: yes
configure:15499: checking for inline
configure:15515: gcc -c -g -O2  conftest.c >&5
configure:15515: $? = 0
configure:15523: result: inline
configure:15541: checking for size_t
configure:15541: gcc -c -g -O2  conftest.c >&5
configure:15541: $? = 0
configure:15541: gcc -c -g -O2  conftest.c >&5
conftest.c: In function 'main':
conftest.c:62:21: error: expected expression before ')' token
 if (sizeof ((size_t)))
                     ^
configure:15541: $? = 1
configure: failed program was:
| /* confdefs.h */
| #define PACKAGE_NAME "libutils"
| #define PACKAGE_TARNAME "libutils"
| #define PACKAGE_VERSION "1"
| #define PACKAGE_STRING "libutils 1"
| #define PACKAGE_BUGREPORT "krister.henriksson@helsinki.fi"
| #define PACKAGE_URL ""
| #define PACKAGE "libutils"
| #define VERSION "1"
| #define STDC_HEADERS 1
| #define HAVE_SYS_TYPES_H 1
| #define HAVE_SYS_STAT_H 1
| #define HAVE_STDLIB_H 1
| #define HAVE_STRING_H 1
| #define HAVE_MEMORY_H 1
| #define HAVE_STRINGS_H 1
| #define HAVE_INTTYPES_H 1
| #define HAVE_STDINT_H 1
| #define HAVE_UNISTD_H 1
| #define HAVE_DLFCN_H 1
| #define LT_OBJDIR ".libs/"
| #define HAVE_LIBM 1
| #define HAVE_LIBRT 1
| #define HAVE__BOOL 1
| /* end confdefs.h.  */
| #include <stdio.h>
| #ifdef HAVE_SYS_TYPES_H
| # include <sys/types.h>
| #endif
| #ifdef HAVE_SYS_STAT_H
| # include <sys/stat.h>
| #endif
| #ifdef STDC_HEADERS
| # include <stdlib.h>
| # include <stddef.h>
| #else
| # ifdef HAVE_STDLIB_H
| #  include <stdlib.h>
| # endif
| #endif
| #ifdef HAVE_STRING_H
| # if !defined STDC_HEADERS && defined HAVE_MEMORY_H
| #  include <memory.h>
| # endif
| # include <string.h>
| #endif
| #ifdef HAVE_STRINGS_H
| # include <strings.h>
| #endif
| #ifdef HAVE_INTTYPES_H
| # include <inttypes.h>
| #endif
| #ifdef HAVE_STDINT_H
| # include <stdint.h>
| #endif
| #ifdef HAVE_UNISTD_H
| # include <unistd.h>
| #endif
| int
| main ()
| {
| if (sizeof ((size_t)))
| 	    return 0;
|   ;
|   return 0;
| }
configure:15541: result: yes
configure:15557: checking for floor
configure:15557: gcc -o conftest -g -O2   conftest.c -lrt -lm  >&5
conftest.c:49:6: warning: conflicting types for built-in function 'floor' [enabled by default]
 char floor ();
      ^
configure:15557: $? = 0
configure:15557: result: yes
configure:15557: checking for pow
configure:15557: gcc -o conftest -g -O2   conftest.c -lrt -lm  >&5
conftest.c:50:6: warning: conflicting types for built-in function 'pow' [enabled by default]
 char pow ();
      ^
configure:15557: $? = 0
configure:15557: result: yes
configure:15557: checking for sqrt
configure:15557: gcc -o conftest -g -O2   conftest.c -lrt -lm  >&5
conftest.c:51:6: warning: conflicting types for built-in function 'sqrt' [enabled by default]
 char sqrt ();
      ^
configure:15557: $? = 0
configure:15557: result: yes
configure:15678: checking that generated files are newer than configure
configure:15684: result: done
configure:15711: creating ./config.status

## ---------------------- ##
## Running config.status. ##
## ---------------------- ##

This file was extended by libutils config.status 1, which was
generated by GNU Autoconf 2.69.  Invocation command line was

  CONFIG_FILES    = 
  CONFIG_HEADERS  = 
  CONFIG_LINKS    = 
  CONFIG_COMMANDS = 
  $ ./config.status 

on dx4-flkl-07

config.status:1150: creating Makefile
config.status:1150: creating src/Makefile
config.status:1150: creating config.h
config.status:1331: config.h is unchanged
config.status:1379: executing depfiles commands
config.status:1379: executing libtool commands

## ---------------- ##
## Cache variables. ##
## ---------------- ##

ac_cv_build=x86_64-unknown-linux-gnu
ac_cv_c_compiler_gnu=yes
ac_cv_c_inline=inline
ac_cv_cxx_compiler_gnu=yes
ac_cv_env_CCC_set=
ac_cv_env_CCC_value=
ac_cv_env_CC_set=
ac_cv_env_CC_value=
ac_cv_env_CFLAGS_set=
ac_cv_env_CFLAGS_value=
ac_cv_env_CPPFLAGS_set=
ac_cv_env_CPPFLAGS_value=
ac_cv_env_CPP_set=
ac_cv_env_CPP_value=
ac_cv_env_CXXCPP_set=
ac_cv_env_CXXCPP_value=
ac_cv_env_CXXFLAGS_set=
ac_cv_env_CXXFLAGS_value=
ac_cv_env_CXX_set=
ac_cv_env_CXX_value=
ac_cv_env_LDFLAGS_set=
ac_cv_env_LDFLAGS_value=
ac_cv_env_LIBS_set=
ac_cv_env_LIBS_value=
ac_cv_env_build_alias_set=
ac_cv_env_build_alias_value=
ac_cv_env_host_alias_set=
ac_cv_env_host_alias_value=
ac_cv_env_target_alias_set=
ac_cv_env_target_alias_value=
ac_cv_func_floor=yes
ac_cv_func_pow=yes
ac_cv_func_sqrt=yes
ac_cv_header_dlfcn_h=yes
ac_cv_header_inttypes_h=yes
ac_cv_header_memory_h=yes
ac_cv_header_stdbool_h=yes
ac_cv_header_stdc=yes
ac_cv_header_stdint_h=yes
ac_cv_header_stdlib_h=yes
ac_cv_header_string_h=yes
ac_cv_header_strings_h=yes
ac_cv_header_sys_stat_h=yes
ac_cv_header_sys_types_h=yes
ac_cv_header_unistd_h=yes
ac_cv_host=x86_64-unknown-linux-gnu
ac_cv_lib_m_sqrt=yes
ac_cv_lib_rt_clock_gettime=yes
ac_cv_objext=o
ac_cv_path_EGREP='/bin/grep -E'
ac_cv_path_FGREP='/bin/grep -F'
ac_cv_path_GREP=/bin/grep
ac_cv_path_SED=/bin/sed
ac_cv_path_install='/usr/bin/install -c'
ac_cv_path_mkdir=/bin/mkdir
ac_cv_prog_AWK=gawk
ac_cv_prog_CPP='gcc -E'
ac_cv_prog_CXXCPP='g++ -E'
ac_cv_prog_ac_ct_AR=ar
ac_cv_prog_ac_ct_CC=gcc
ac_cv_prog_ac_ct_CXX=g++
ac_cv_prog_ac_ct_MANIFEST_TOOL=mt
ac_cv_prog_ac_ct_OBJDUMP=objdump
ac_cv_prog_ac_ct_RANLIB=ranlib
ac_cv_prog_ac_ct_STRIP=strip
ac_cv_prog_cc_c89=
ac_cv_prog_cc_g=yes
ac_cv_prog_cxx_g=yes
ac_cv_prog_make_make_set=yes
ac_cv_type__Bool=yes
ac_cv_type_size_t=yes
am_cv_CC_dependencies_compiler_type=gcc3
am_cv_CXX_dependencies_compiler_type=gcc3
am_cv_ar_interface=ar
am_cv_make_support_nested_variables=yes
am_cv_prog_cc_c_o=yes
lt_cv_ar_at_file=@
lt_cv_archive_cmds_need_lc=no
lt_cv_deplibs_check_method=pass_all
lt_cv_file_magic_cmd='$MAGIC_CMD'
lt_cv_file_magic_test_file=
lt_cv_ld_reload_flag=-r
lt_cv_nm_interface='BSD nm'
lt_cv_objdir=.libs
lt_cv_path_LD=/usr/bin/ld
lt_cv_path_LDCXX='/usr/bin/ld -m elf_x86_64'
lt_cv_path_NM='/usr/bin/nm -B'
lt_cv_path_mainfest_tool=no
lt_cv_prog_compiler_c_o=yes
lt_cv_prog_compiler_c_o_CXX=yes
lt_cv_prog_compiler_pic='-fPIC -DPIC'
lt_cv_prog_compiler_pic_CXX='-fPIC -DPIC'
lt_cv_prog_compiler_pic_works=yes
lt_cv_prog_compiler_pic_works_CXX=yes
lt_cv_prog_compiler_rtti_exceptions=no
lt_cv_prog_compiler_static_works=yes
lt_cv_prog_compiler_static_works_CXX=yes
lt_cv_prog_gnu_ld=yes
lt_cv_prog_gnu_ldcxx=yes
lt_cv_sharedlib_from_linklib_cmd='printf %s\n'
lt_cv_shlibpath_overrides_runpath=no
lt_cv_sys_global_symbol_pipe='sed -n -e '\''s/^.*[	 ]\([ABCDGIRSTW][ABCDGIRSTW]*\)[	 ][	 ]*\([_A-Za-z][_A-Za-z0-9]*\)$/\1 \2 \2/p'\'' | sed '\''/ __gnu_lto/d'\'''
lt_cv_sys_global_symbol_to_c_name_address='sed -n -e '\''s/^: \([^ ]*\)[ ]*$/  {\"\1\", (void *) 0},/p'\'' -e '\''s/^[ABCDGIRSTW]* \([^ ]*\) \([^ ]*\)$/  {"\2", (void *) \&\2},/p'\'''
lt_cv_sys_global_symbol_to_c_name_address_lib_prefix='sed -n -e '\''s/^: \([^ ]*\)[ ]*$/  {\"\1\", (void *) 0},/p'\'' -e '\''s/^[ABCDGIRSTW]* \([^ ]*\) \(lib[^ ]*\)$/  {"\2", (void *) \&\2},/p'\'' -e '\''s/^[ABCDGIRSTW]* \([^ ]*\) \([^ ]*\)$/  {"lib\2", (void *) \&\2},/p'\'''
lt_cv_sys_global_symbol_to_cdecl='sed -n -e '\''s/^T .* \(.*\)$/extern int \1();/p'\'' -e '\''s/^[ABCDGIRSTW]* .* \(.*\)$/extern char \1;/p'\'''
lt_cv_sys_max_cmd_len=1572864
lt_cv_to_host_file_cmd=func_convert_file_noop
lt_cv_to_tool_file_cmd=func_convert_file_noop

## ----------------- ##
## Output variables. ##
## ----------------- ##

ACLOCAL='${SHELL} /home/koehenri/bin/src/code-libutils/missing aclocal-1.14'
AMDEPBACKSLASH='\'
AMDEP_FALSE='#'
AMDEP_TRUE=''
AMTAR='$${TAR-tar}'
AM_BACKSLASH='\'
AM_DEFAULT_V='$(AM_DEFAULT_VERBOSITY)'
AM_DEFAULT_VERBOSITY='1'
AM_V='$(V)'
AR='ar'
AUTOCONF='${SHELL} /home/koehenri/bin/src/code-libutils/missing autoconf'
AUTOHEADER='${SHELL} /home/koehenri/bin/src/code-libutils/missing autoheader'
AUTOMAKE='${SHELL} /home/koehenri/bin/src/code-libutils/missing automake-1.14'
AWK='gawk'
CC='gcc'
CCDEPMODE='depmode=gcc3'
CFLAGS='-g -O2'
CPP='gcc -E'
CPPFLAGS=''
CXX='g++'
CXXCPP='g++ -E'
CXXDEPMODE='depmode=gcc3'
CXXFLAGS='-g -O2'
CYGPATH_W='echo'
DEFS='-DHAVE_CONFIG_H'
DEPDIR='.deps'
DLLTOOL='false'
DSYMUTIL=''
DUMPBIN=''
ECHO_C=''
ECHO_N='-n'
ECHO_T=''
EGREP='/bin/grep -E'
EXEEXT=''
FGREP='/bin/grep -F'
GREP='/bin/grep'
INSTALL_DATA='${INSTALL} -m 644'
INSTALL_PROGRAM='${INSTALL}'
INSTALL_SCRIPT='${INSTALL}'
INSTALL_STRIP_PROGRAM='$(install_sh) -c -s'
LD='/usr/bin/ld -m elf_x86_64'
LDFLAGS=''
LIBOBJS=''
LIBS='-lrt -lm '
LIBTOOL='$(SHELL) $(top_builddir)/libtool'
LIPO=''
LN_S='ln -s'
LTLIBOBJS=''
MAKEINFO='${SHELL} /home/koehenri/bin/src/code-libutils/missing makeinfo'
MANIFEST_TOOL=':'
MKDIR_P='/bin/mkdir -p'
NM='/usr/bin/nm -B'
NMEDIT=''
OBJDUMP='objdump'
OBJEXT='o'
OTOOL64=''
OTOOL=''
PACKAGE='libutils'
PACKAGE_BUGREPORT='krister.henriksson@helsinki.fi'
PACKAGE_NAME='libutils'
PACKAGE_STRING='libutils 1'
PACKAGE_TARNAME='libutils'
PACKAGE_URL=''
PACKAGE_VERSION='1'
PATH_SEPARATOR=':'
RANLIB='ranlib'
SED='/bin/sed'
SET_MAKE=''
SHELL='/bin/bash'
STRIP='strip'
VERSION='1'
ac_ct_AR='ar'
ac_ct_CC='gcc'
ac_ct_CXX='g++'
ac_ct_DUMPBIN=''
am__EXEEXT_FALSE=''
am__EXEEXT_TRUE='#'
am__fastdepCC_FALSE='#'
am__fastdepCC_TRUE=''
am__fastdepCXX_FALSE='#'
am__fastdepCXX_TRUE=''
am__include='include'
am__isrc=''
am__leading_dot='.'
am__nodep='_no'
am__quote=''
am__tar='$${TAR-tar} chof - "$$tardir"'
am__untar='$${TAR-tar} xf -'
bindir='${exec_prefix}/bin'
build='x86_64-unknown-linux-gnu'
build_alias=''
build_cpu='x86_64'
build_os='linux-gnu'
build_vendor='unknown'
datadir='${datarootdir}'
datarootdir='${prefix}/share'
docdir='${datarootdir}/doc/${PACKAGE_TARNAME}'
dvidir='${docdir}'
exec_prefix='${prefix}'
host='x86_64-unknown-linux-gnu'
host_alias=''
host_cpu='x86_64'
host_os='linux-gnu'
host_vendor='unknown'
htmldir='${docdir}'
includedir='${prefix}/include'
infodir='${datarootdir}/info'
install_sh='${SHELL} /home/koehenri/bin/src/code-libutils/install-sh'
libdir='${exec_prefix}/lib'
libexecdir='${exec_prefix}/libexec'
localedir='${datarootdir}/locale'
localstatedir='${prefix}/var'
mandir='${datarootdir}/man'
mkdir_p='$(MKDIR_P)'
oldincludedir='/usr/include'
pdfdir='${docdir}'
prefix='/home/koehenri'
program_transform_name='s,x,x,'
psdir='${docdir}'
sbindir='${exec_prefix}/sbin'
sharedstatedir='${prefix}/com'
sysconfdir='${prefix}/etc'
target_alias=''

## ----------- ##
## confdefs.h. ##
## ----------- ##

/* confdefs.h */
#define PACKAGE_NAME "libutils"
#define PACKAGE_TARNAME "libutils"
#define PACKAGE_VERSION "1"
#define PACKAGE_STRING "libutils 1"
#define PACKAGE_BUGREPORT "krister.henriksson@helsinki.fi"
#define PACKAGE_URL ""
#define PACKAGE "libutils"
#define VERSION "1"
#define STDC_HEADERS 1
#define HAVE_SYS_TYPES_H 1
#define HAVE_SYS_STAT_H 1
#define HAVE_STDLIB_H 1
#define HAVE_STRING_H 1
#define HAVE_MEMORY_H 1
#define HAVE_STRINGS_H 1
#define HAVE_INTTYPES_H 1
#define HAVE_STDINT_H 1
#define HAVE_UNISTD_H 1
#define HAVE_DLFCN_H 1
#define LT_OBJDIR ".libs/"
#define HAVE_LIBM 1
#define HAVE_LIBRT 1
#define HAVE__BOOL 1
#define HAVE_FLOOR 1
#define HAVE_POW 1
#define HAVE_SQRT 1

configure: exit 0
